Using pre-set license
Built from '2022.3/staging' branch; Version is '2022.3.16f1 (d2c21f0ef2f1) revision 13812255'; Using compiler version '192829333'; Build Type 'Release'
OS: 'Windows 11  (10.0.22631) 64bit Professional' Language: 'ru' Physical Memory: 32713 MB
BatchMode: 1, IsHumanControllingUs: 0, StartBugReporterOnCrash: 0, Is64bit: 1, IsPro: 1

COMMAND LINE ARGUMENTS:
C:\Program Files\Unity\Hub\Editor\2022.3.16f1\Editor\Unity.exe
-adb2
-batchMode
-noUpm
-name
AssetImportWorker0
-projectPath
C:/Users/Timur/Desktop/Unity/Hackaton
-logFile
Logs/AssetImportWorker0.log
-srvPort
50492
Successfully changed project path to: C:/Users/Timur/Desktop/Unity/Hackaton
C:/Users/Timur/Desktop/Unity/Hackaton
[UnityMemory] Configuration Parameters - Can be set up in boot.config
    "memorysetup-bucket-allocator-granularity=16"
    "memorysetup-bucket-allocator-bucket-count=8"
    "memorysetup-bucket-allocator-block-size=33554432"
    "memorysetup-bucket-allocator-block-count=8"
    "memorysetup-main-allocator-block-size=16777216"
    "memorysetup-thread-allocator-block-size=16777216"
    "memorysetup-gfx-main-allocator-block-size=16777216"
    "memorysetup-gfx-thread-allocator-block-size=16777216"
    "memorysetup-cache-allocator-block-size=4194304"
    "memorysetup-typetree-allocator-block-size=2097152"
    "memorysetup-profiler-bucket-allocator-granularity=16"
    "memorysetup-profiler-bucket-allocator-bucket-count=8"
    "memorysetup-profiler-bucket-allocator-block-size=33554432"
    "memorysetup-profiler-bucket-allocator-block-count=8"
    "memorysetup-profiler-allocator-block-size=16777216"
    "memorysetup-profiler-editor-allocator-block-size=1048576"
    "memorysetup-temp-allocator-size-main=16777216"
    "memorysetup-job-temp-allocator-block-size=2097152"
    "memorysetup-job-temp-allocator-block-size-background=1048576"
    "memorysetup-job-temp-allocator-reduction-small-platforms=262144"
    "memorysetup-allocator-temp-initial-block-size-main=262144"
    "memorysetup-allocator-temp-initial-block-size-worker=262144"
    "memorysetup-temp-allocator-size-background-worker=32768"
    "memorysetup-temp-allocator-size-job-worker=262144"
    "memorysetup-temp-allocator-size-preload-manager=33554432"
    "memorysetup-temp-allocator-size-nav-mesh-worker=65536"
    "memorysetup-temp-allocator-size-audio-worker=65536"
    "memorysetup-temp-allocator-size-cloud-worker=32768"
    "memorysetup-temp-allocator-size-gi-baking-worker=262144"
    "memorysetup-temp-allocator-size-gfx=262144"
Player connection [16112] Host "[IP] 192.168.0.140 [Port] 0 [Flags] 2 [Guid] 2100607380 [EditorId] 2100607380 [Version] 1048832 [Id] WindowsEditor(7,DESKTOP-SF98TGM) [Debug] 1 [PackageName] WindowsEditor [ProjectName] Editor" joined multi-casting on [225.0.0.222:54997]...

Player connection [16112] Host "[IP] 192.168.0.140 [Port] 0 [Flags] 2 [Guid] 2100607380 [EditorId] 2100607380 [Version] 1048832 [Id] WindowsEditor(7,DESKTOP-SF98TGM) [Debug] 1 [PackageName] WindowsEditor [ProjectName] Editor" joined alternative multi-casting on [225.0.0.222:34997]...

[Physics::Module] Initialized MultithreadedJobDispatcher with 11 workers.
Refreshing native plugins compatible for Editor in 10.42 ms, found 3 plugins.
Preloading 0 native plugins for Editor in 0.00 ms.
Initialize engine version: 2022.3.16f1 (d2c21f0ef2f1)
[Subsystems] Discovering subsystems at path C:/Program Files/Unity/Hub/Editor/2022.3.16f1/Editor/Data/Resources/UnitySubsystems
[Subsystems] Discovering subsystems at path C:/Users/Timur/Desktop/Unity/Hackaton/Assets
GfxDevice: creating device client; threaded=0; jobified=0
Direct3D:
    Version:  Direct3D 11.0 [level 11.1]
    Renderer: NVIDIA GeForce GTX 1080 Ti (ID=0x1b06)
    Vendor:   NVIDIA
    VRAM:     11106 MB
    Driver:   31.0.15.5123
Initialize mono
Mono path[0] = 'C:/Program Files/Unity/Hub/Editor/2022.3.16f1/Editor/Data/Managed'
Mono path[1] = 'C:/Program Files/Unity/Hub/Editor/2022.3.16f1/Editor/Data/MonoBleedingEdge/lib/mono/unityjit-win32'
Mono config path = 'C:/Program Files/Unity/Hub/Editor/2022.3.16f1/Editor/Data/MonoBleedingEdge/etc'
Using monoOptions --debugger-agent=transport=dt_socket,embedding=1,server=y,suspend=n,address=127.0.0.1:56364
Begin MonoManager ReloadAssembly
Registering precompiled unity dll's ...
Register platform support module: C:/Program Files/Unity/Hub/Editor/2022.3.16f1/Editor/Data/PlaybackEngines/WebGLSupport/UnityEditor.WebGL.Extensions.dll
Register platform support module: C:/Program Files/Unity/Hub/Editor/2022.3.16f1/Editor/Data/PlaybackEngines/WindowsStandaloneSupport/UnityEditor.WindowsStandalone.Extensions.dll
Registered in 0.014628 seconds.
- Loaded All Assemblies, in  0.451 seconds
Native extension for WindowsStandalone target not found
Native extension for WebGL target not found
Mono: successfully reloaded assembly
- Finished resetting the current domain, in  0.269 seconds
Domain Reload Profiling: 716ms
	BeginReloadAssembly (151ms)
		ExecutionOrderSort (0ms)
		DisableScriptedObjects (0ms)
		BackupInstance (0ms)
		ReleaseScriptingObjects (0ms)
		CreateAndSetChildDomain (1ms)
	RebuildCommonClasses (42ms)
	RebuildNativeTypeToScriptingClass (11ms)
	initialDomainReloadingComplete (71ms)
	LoadAllAssembliesAndSetupDomain (172ms)
		LoadAssemblies (147ms)
		RebuildTransferFunctionScriptingTraits (0ms)
		AnalyzeDomain (170ms)
			TypeCache.Refresh (169ms)
				TypeCache.ScanAssembly (155ms)
			ScanForSourceGeneratedMonoScriptInfo (0ms)
			ResolveRequiredComponents (0ms)
	FinalizeReload (270ms)
		ReleaseScriptCaches (0ms)
		RebuildScriptCaches (0ms)
		SetupLoadedEditorAssemblies (213ms)
			LogAssemblyErrors (0ms)
			InitializePlatformSupportModulesInManaged (11ms)
			SetLoadedEditorAssemblies (5ms)
			RefreshPlugins (0ms)
			BeforeProcessingInitializeOnLoad (2ms)
			ProcessInitializeOnLoadAttributes (141ms)
			ProcessInitializeOnLoadMethodAttributes (53ms)
			AfterProcessingInitializeOnLoad (0ms)
			EditorAssembliesLoaded (0ms)
		ExecutionOrderSort2 (0ms)
		AwakeInstancesAfterBackupRestoration (0ms)
========================================================================
Worker process is ready to serve import requests
Begin MonoManager ReloadAssembly
- Loaded All Assemblies, in  0.709 seconds
Refreshing native plugins compatible for Editor in 4.77 ms, found 3 plugins.
Native extension for WindowsStandalone target not found
Native extension for WebGL target not found
Package Manager log level set to [2]
[Package Manager] Server::EnsureServerProcessIsRunning -- launch failed, reason: Unity was launched with the -noUpm command-line argument
[Package Manager] UpmClient::Send -- Unable to send message (not connected to UPM process).
[Package Manager] Cannot connect to Unity Package Manager local server
Mono: successfully reloaded assembly
- Finished resetting the current domain, in  0.550 seconds
Domain Reload Profiling: 1254ms
	BeginReloadAssembly (161ms)
		ExecutionOrderSort (0ms)
		DisableScriptedObjects (5ms)
		BackupInstance (0ms)
		ReleaseScriptingObjects (0ms)
		CreateAndSetChildDomain (18ms)
	RebuildCommonClasses (38ms)
	RebuildNativeTypeToScriptingClass (11ms)
	initialDomainReloadingComplete (55ms)
	LoadAllAssembliesAndSetupDomain (439ms)
		LoadAssemblies (338ms)
		RebuildTransferFunctionScriptingTraits (0ms)
		AnalyzeDomain (196ms)
			TypeCache.Refresh (177ms)
				TypeCache.ScanAssembly (161ms)
			ScanForSourceGeneratedMonoScriptInfo (14ms)
			ResolveRequiredComponents (4ms)
	FinalizeReload (550ms)
		ReleaseScriptCaches (0ms)
		RebuildScriptCaches (0ms)
		SetupLoadedEditorAssemblies (410ms)
			LogAssemblyErrors (0ms)
			InitializePlatformSupportModulesInManaged (10ms)
			SetLoadedEditorAssemblies (4ms)
			RefreshPlugins (0ms)
			BeforeProcessingInitializeOnLoad (67ms)
			ProcessInitializeOnLoadAttributes (297ms)
			ProcessInitializeOnLoadMethodAttributes (19ms)
			AfterProcessingInitializeOnLoad (12ms)
			EditorAssembliesLoaded (0ms)
		ExecutionOrderSort2 (0ms)
		AwakeInstancesAfterBackupRestoration (5ms)
Launched and connected shader compiler UnityShaderCompiler.exe after 0.03 seconds
Refreshing native plugins compatible for Editor in 5.51 ms, found 3 plugins.
Preloading 0 native plugins for Editor in 0.00 ms.
Unloading 3083 Unused Serialized files (Serialized files now loaded: 0)
Unloading 32 unused Assets / (56.9 KB). Loaded Objects now: 3547.
Memory consumption went from 122.9 MB to 122.9 MB.
Total: 3.044600 ms (FindLiveObjects: 0.258700 ms CreateObjectMapping: 0.237400 ms MarkObjects: 2.461900 ms  DeleteObjects: 0.085600 ms)

AssetImportParameters requested are different than current active one (requested -> active):
  custom:container-demuxer-ogg: 62fdf1f143b41e24485cea50d1cbac27 -> 
  custom:video-decoder-ogg-theora: a1e56fd34408186e4bbccfd4996cb3dc -> 
  custom:framework-win-MediaFoundation: 216162199b28c13a410421893ffa2e32 -> 
  custom:CustomObjectIndexerAttribute: 43b350a4d6e6d1791af0b5038c4bea17 -> 
  custom:container-demuxer-webm: 4f35f7cbe854078d1ac9338744f61a02 -> 
  custom:container-muxer-webm: aa71ff27fc2769a1b78a27578f13a17b -> 
  custom:video-decoder-webm-vp8: 9c59270c3fd7afecdb556c50c9e8de78 -> 
  custom:SearchIndexIgnoredProperties: e643bd26f0fe6173181afceb89e7c659 -> 
  custom:AudioImporter_EditorPlatform: d09bf68614088b80899f8185d706f6e7 -> 
  custom:video-encoder-webm-vp8: eb34c28f22e8b96e1ab97ce403110664 -> 
  custom:audio-decoder-ogg-vorbis: bf7c407c2cedff20999df2af8eb42d56 -> 
  custom:audio-encoder-webm-vorbis: bf7c407c2cedff20999df2af8eb42d56 -> 
========================================================================
Received Import Request.
  Time since last request: 3054.983697 seconds.
  path: Assets/Sketchfab
  artifactKey: Guid(435504b6ef40a9d47ad13b1eb86c4072) Importer(815301076,1909f56bfc062723c751e8b465ee728b)
Start importing Assets/Sketchfab using Guid(435504b6ef40a9d47ad13b1eb86c4072) Importer(815301076,1909f56bfc062723c751e8b465ee728b)  -> (artifact id: 'e5813de68dadd8841d9d0d86af1b87c7') in 0.002128 seconds
Number of updated asset objects reloaded before import = 0
Number of asset objects unloaded after import = 0
========================================================================
Received Import Request.
  Time since last request: 5.876732 seconds.
  path: Assets/Sketchfab/cabin2.fbx
  artifactKey: Guid(ce426eefd893b6b4bacab99393f18550) Importer(815301076,1909f56bfc062723c751e8b465ee728b)
Start importing Assets/Sketchfab/cabin2.fbx using Guid(ce426eefd893b6b4bacab99393f18550) Importer(815301076,1909f56bfc062723c751e8b465ee728b)  -> (artifact id: 'ccf4cf552e9a2fce953c3b93b80303f9') in 0.277940 seconds
Number of updated asset objects reloaded before import = 0
Number of asset objects unloaded after import = 9
========================================================================
Received Import Request.
  Time since last request: 250.463904 seconds.
  path: Assets/Sketchfab/cabin1
  artifactKey: Guid(3dc3dc72ceec9f94abe05df39d19a35a) Importer(815301076,1909f56bfc062723c751e8b465ee728b)
Start importing Assets/Sketchfab/cabin1 using Guid(3dc3dc72ceec9f94abe05df39d19a35a) Importer(815301076,1909f56bfc062723c751e8b465ee728b)  -> (artifact id: 'ecda39185c5462b13e1973bfb851535e') in 0.000770 seconds
Number of updated asset objects reloaded before import = 0
Number of asset objects unloaded after import = 0
========================================================================
Received Import Request.
  Time since last request: 11.776281 seconds.
  path: Assets/Sketchfab/cabin1/cabin.obj
  artifactKey: Guid(21c031dedf8690a44ac6e77cf0beb1da) Importer(815301076,1909f56bfc062723c751e8b465ee728b)
Start importing Assets/Sketchfab/cabin1/cabin.obj using Guid(21c031dedf8690a44ac6e77cf0beb1da) Importer(815301076,1909f56bfc062723c751e8b465ee728b)  -> (artifact id: '69130474f3d31956384fd34cd65996d1') in 0.034266 seconds
Number of updated asset objects reloaded before import = 0
Number of asset objects unloaded after import = 10
========================================================================
Received Import Request.
  Time since last request: 15.434895 seconds.
  path: Assets/Sketchfab/cabin1/itemandenemyasset.png
  artifactKey: Guid(968564ac992c4c04d82c9a4d11f8fd8f) Importer(815301076,1909f56bfc062723c751e8b465ee728b)
Start importing Assets/Sketchfab/cabin1/itemandenemyasset.png using Guid(968564ac992c4c04d82c9a4d11f8fd8f) Importer(815301076,1909f56bfc062723c751e8b465ee728b)  -> (artifact id: '3c4db24112fb457c01eb881843430c66') in 0.029116 seconds
Number of updated asset objects reloaded before import = 0
Number of asset objects unloaded after import = 2
========================================================================
Received Import Request.
  Time since last request: 838.146853 seconds.
  path: Assets/Sketchfab/cabin2
  artifactKey: Guid(84ba9dc93be8fb24aa3faaf57e2cde5d) Importer(815301076,1909f56bfc062723c751e8b465ee728b)
Start importing Assets/Sketchfab/cabin2 using Guid(84ba9dc93be8fb24aa3faaf57e2cde5d) Importer(815301076,1909f56bfc062723c751e8b465ee728b)  -> (artifact id: '6224a23b2d59417a51d7f3eda9aa8c5e') in 0.000740 seconds
Number of updated asset objects reloaded before import = 0
Number of asset objects unloaded after import = 0
========================================================================
Received Import Request.
  Time since last request: 9.567709 seconds.
  path: Assets/Sketchfab/wooden platform
  artifactKey: Guid(efc5c5f868c8e844ea2bd585baf27c5a) Importer(815301076,1909f56bfc062723c751e8b465ee728b)
Start importing Assets/Sketchfab/wooden platform using Guid(efc5c5f868c8e844ea2bd585baf27c5a) Importer(815301076,1909f56bfc062723c751e8b465ee728b)  -> (artifact id: '0d624a317fa4f621d62b6037790e50ab') in 0.000913 seconds
Number of updated asset objects reloaded before import = 0
Number of asset objects unloaded after import = 0
========================================================================
Received Import Request.
  Time since last request: 19.318662 seconds.
  path: Assets/Sketchfab/wooden platform/WoodPlatform_1.fbx
  artifactKey: Guid(a53da15934126944481bb74c6cd975c1) Importer(815301076,1909f56bfc062723c751e8b465ee728b)
Start importing Assets/Sketchfab/wooden platform/WoodPlatform_1.fbx using Guid(a53da15934126944481bb74c6cd975c1) Importer(815301076,1909f56bfc062723c751e8b465ee728b)  -> (artifact id: '263c59c824ffb133ff608fe10a2087ac') in 0.017363 seconds
Number of updated asset objects reloaded before import = 0
Number of asset objects unloaded after import = 9
========================================================================
Received Import Request.
  Time since last request: 549.278476 seconds.
  path: Assets/Sketchfab/platform 2
  artifactKey: Guid(23d3c36500da3034c938bf1ccb8aabeb) Importer(815301076,1909f56bfc062723c751e8b465ee728b)
Start importing Assets/Sketchfab/platform 2 using Guid(23d3c36500da3034c938bf1ccb8aabeb) Importer(815301076,1909f56bfc062723c751e8b465ee728b)  -> (artifact id: '01fea29076ec4e82930a7a5c8b461694') in 0.001247 seconds
Number of updated asset objects reloaded before import = 0
Number of asset objects unloaded after import = 0
========================================================================
Received Import Request.
  Time since last request: 9.969518 seconds.
  path: Assets/Sketchfab/platform 2/brown.png
  artifactKey: Guid(db72e27c09c3bca4fb669287e40f3258) Importer(815301076,1909f56bfc062723c751e8b465ee728b)
Start importing Assets/Sketchfab/platform 2/brown.png using Guid(db72e27c09c3bca4fb669287e40f3258) Importer(815301076,1909f56bfc062723c751e8b465ee728b)  -> (artifact id: '3ee48033d8e1f0e116e073cb2d34ce28') in 0.134277 seconds
Number of updated asset objects reloaded before import = 0
Number of asset objects unloaded after import = 2
========================================================================
Received Import Request.
  Time since last request: 14.451094 seconds.
  path: Assets/Sketchfab/platform 2/Materials
  artifactKey: Guid(b7dc49de5e7d6e641b31775dd10aa2e9) Importer(815301076,1909f56bfc062723c751e8b465ee728b)
Start importing Assets/Sketchfab/platform 2/Materials using Guid(b7dc49de5e7d6e641b31775dd10aa2e9) Importer(815301076,1909f56bfc062723c751e8b465ee728b)  -> (artifact id: '71bc9fa2e2d510e1174d974d1b95f9e4') in 0.000586 seconds
Number of updated asset objects reloaded before import = 0
Number of asset objects unloaded after import = 0
========================================================================
Received Import Request.
  Time since last request: 0.053541 seconds.
  path: Assets/Sketchfab/platform 2/Materials/brown.mat
  artifactKey: Guid(f9d4e3ce4a35e54428f89ce5d16b3465) Importer(815301076,1909f56bfc062723c751e8b465ee728b)
Start importing Assets/Sketchfab/platform 2/Materials/brown.mat using Guid(f9d4e3ce4a35e54428f89ce5d16b3465) Importer(815301076,1909f56bfc062723c751e8b465ee728b)  -> (artifact id: '05e50a4fcdeaa86c1b19087e0be74824') in 0.006263 seconds
Number of updated asset objects reloaded before import = 0
Number of asset objects unloaded after import = 2
